<?xml version="1.0" encoding="UTF-8"?>
<testng-results total="2" passed="2" failed="0" skipped="0">
  <reporter-output>
  </reporter-output>
  <suite started-at="2022-11-08T05:17:45Z" name="Default suite" finished-at="2022-11-08T05:18:01Z" duration-ms="16826">
    <groups>
    </groups>
    <test started-at="2022-11-08T05:17:45Z" name="Default test" finished-at="2022-11-08T05:18:01Z" duration-ms="16826">
      <class name="com.HRMS.Test_Scripts.TC_01">
        <test-method signature="tc001()[pri:0, instance:com.HRMS.Test_Scripts.TC_01@48bb62]" started-at="2022-11-08T10:47:45Z" name="tc001" finished-at="2022-11-08T10:47:55Z" duration-ms="10288" status="PASS">
          <reporter-output>
          </reporter-output>
        </test-method> <!-- tc001 -->
      </class> <!-- com.HRMS.Test_Scripts.TC_01 -->
      <class name="com.HRMS.Test_Scripts.TC_02">
        <test-method signature="tc002()[pri:0, instance:com.HRMS.Test_Scripts.TC_02@7ce69770]" started-at="2022-11-08T10:47:55Z" name="tc002" finished-at="2022-11-08T10:48:01Z" duration-ms="6497" status="PASS">
          <reporter-output>
          </reporter-output>
        </test-method> <!-- tc002 -->
      </class> <!-- com.HRMS.Test_Scripts.TC_02 -->
    </test> <!-- Default test -->
  </suite> <!-- Default suite -->
</testng-results>
